running egg_info
creating ../build/yolo/yolo.egg-info
writing ../build/yolo/yolo.egg-info/PKG-INFO
writing dependency_links to ../build/yolo/yolo.egg-info/dependency_links.txt
writing entry points to ../build/yolo/yolo.egg-info/entry_points.txt
writing requirements to ../build/yolo/yolo.egg-info/requires.txt
writing top-level names to ../build/yolo/yolo.egg-info/top_level.txt
writing manifest file '../build/yolo/yolo.egg-info/SOURCES.txt'
reading manifest file '../build/yolo/yolo.egg-info/SOURCES.txt'
writing manifest file '../build/yolo/yolo.egg-info/SOURCES.txt'
running build
running build_py
creating /home/ubuntu/ros/src/build/yolo/build
creating /home/ubuntu/ros/src/build/yolo/build/lib
creating /home/ubuntu/ros/src/build/yolo/build/lib/yolo
copying yolo/yolo_evaluate.py -> /home/ubuntu/ros/src/build/yolo/build/lib/yolo
copying yolo/utils.py -> /home/ubuntu/ros/src/build/yolo/build/lib/yolo
copying yolo/__init__.py -> /home/ubuntu/ros/src/build/yolo/build/lib/yolo
copying yolo/yolo.py -> /home/ubuntu/ros/src/build/yolo/build/lib/yolo
running install
/usr/lib/python3/dist-packages/setuptools/command/install.py:34: SetuptoolsDeprecationWarning: setup.py install is deprecated. Use build and pip and other standards-based tools.
  warnings.warn(
running install_lib
creating /home/ubuntu/ros/src/install/yolo/lib/python3.10/site-packages/yolo
copying /home/ubuntu/ros/src/build/yolo/build/lib/yolo/yolo_evaluate.py -> /home/ubuntu/ros/src/install/yolo/lib/python3.10/site-packages/yolo
copying /home/ubuntu/ros/src/build/yolo/build/lib/yolo/utils.py -> /home/ubuntu/ros/src/install/yolo/lib/python3.10/site-packages/yolo
copying /home/ubuntu/ros/src/build/yolo/build/lib/yolo/__init__.py -> /home/ubuntu/ros/src/install/yolo/lib/python3.10/site-packages/yolo
copying /home/ubuntu/ros/src/build/yolo/build/lib/yolo/yolo.py -> /home/ubuntu/ros/src/install/yolo/lib/python3.10/site-packages/yolo
byte-compiling /home/ubuntu/ros/src/install/yolo/lib/python3.10/site-packages/yolo/yolo_evaluate.py to yolo_evaluate.cpython-310.pyc
byte-compiling /home/ubuntu/ros/src/install/yolo/lib/python3.10/site-packages/yolo/utils.py to utils.cpython-310.pyc
byte-compiling /home/ubuntu/ros/src/install/yolo/lib/python3.10/site-packages/yolo/__init__.py to __init__.cpython-310.pyc
byte-compiling /home/ubuntu/ros/src/install/yolo/lib/python3.10/site-packages/yolo/yolo.py to yolo.cpython-310.pyc
running install_data
creating /home/ubuntu/ros/src/install/yolo/share/ament_index
creating /home/ubuntu/ros/src/install/yolo/share/ament_index/resource_index
creating /home/ubuntu/ros/src/install/yolo/share/ament_index/resource_index/packages
copying resource/yolo -> /home/ubuntu/ros/src/install/yolo/share/ament_index/resource_index/packages
copying package.xml -> /home/ubuntu/ros/src/install/yolo/share/yolo
running install_egg_info
Copying ../build/yolo/yolo.egg-info to /home/ubuntu/ros/src/install/yolo/lib/python3.10/site-packages/yolo-0.0.0-py3.10.egg-info
running install_scripts
Installing yolo script to /home/ubuntu/ros/src/install/yolo/lib/yolo
writing list of installed files to '/home/ubuntu/ros/src/build/yolo/install.log'
